2023-07-10 07:20:43,426 INFO [main] org.springframework.boot.StartupInfoLogger: Starting AutoManagerApplication using Java 17.0.7 with PID 12767 (/home/art/IdeaProjects/AutoManager/target/classes started by art in /home/art/IdeaProjects/AutoManager)
2023-07-10 07:20:43,430 INFO [main] org.springframework.boot.SpringApplication: No active profile set, falling back to 1 default profile: "default"
2023-07-10 07:20:45,093 INFO [main] org.springframework.boot.web.embedded.tomcat.TomcatWebServer: Tomcat initialized with port(s): 8080 (http)
2023-07-10 07:20:45,108 INFO [main] org.apache.juli.logging.DirectJDKLog: Initializing ProtocolHandler ["http-nio-8080"]
2023-07-10 07:20:45,112 INFO [main] org.apache.juli.logging.DirectJDKLog: Starting service [Tomcat]
2023-07-10 07:20:45,113 INFO [main] org.apache.juli.logging.DirectJDKLog: Starting Servlet engine: [Apache Tomcat/10.1.10]
2023-07-10 07:20:45,248 INFO [main] org.apache.juli.logging.DirectJDKLog: Initializing Spring embedded WebApplicationContext
2023-07-10 07:20:45,248 INFO [main] org.springframework.boot.web.servlet.context.ServletWebServerApplicationContext: Root WebApplicationContext: initialization completed in 1684 ms
2023-07-10 07:20:47,331 INFO [main] org.apache.juli.logging.DirectJDKLog: Starting ProtocolHandler ["http-nio-8080"]
2023-07-10 07:20:47,357 INFO [main] org.springframework.boot.web.embedded.tomcat.TomcatWebServer: Tomcat started on port(s): 8080 (http) with context path ''
2023-07-10 07:20:47,376 INFO [main] org.springframework.boot.StartupInfoLogger: Started AutoManagerApplication in 4.71 seconds (process running for 5.839)
2023-07-10 07:51:31,624 INFO [main] org.springframework.boot.StartupInfoLogger: Starting AutoManagerApplication using Java 17.0.7 with PID 13951 (/home/art/IdeaProjects/AutoManager/target/classes started by art in /home/art/IdeaProjects/AutoManager)
2023-07-10 07:51:31,630 INFO [main] org.springframework.boot.SpringApplication: No active profile set, falling back to 1 default profile: "default"
2023-07-10 07:51:33,559 INFO [main] org.springframework.boot.web.embedded.tomcat.TomcatWebServer: Tomcat initialized with port(s): 8080 (http)
2023-07-10 07:51:33,573 INFO [main] org.apache.juli.logging.DirectJDKLog: Initializing ProtocolHandler ["http-nio-8080"]
2023-07-10 07:51:33,577 INFO [main] org.apache.juli.logging.DirectJDKLog: Starting service [Tomcat]
2023-07-10 07:51:33,579 INFO [main] org.apache.juli.logging.DirectJDKLog: Starting Servlet engine: [Apache Tomcat/10.1.10]
2023-07-10 07:51:33,733 INFO [main] org.apache.juli.logging.DirectJDKLog: Initializing Spring embedded WebApplicationContext
2023-07-10 07:51:33,734 INFO [main] org.springframework.boot.web.servlet.context.ServletWebServerApplicationContext: Root WebApplicationContext: initialization completed in 1934 ms
2023-07-10 07:51:35,053 DEBUG [main] org.springframework.web.servlet.mvc.method.annotation.RequestMappingHandlerAdapter: ControllerAdvice beans: 0 @ModelAttribute, 0 @InitBinder, 1 RequestBodyAdvice, 1 ResponseBodyAdvice
2023-07-10 07:51:35,053 DEBUG [main] org.springframework.web.servlet.mvc.method.annotation.RequestMappingHandlerAdapter: ControllerAdvice beans: 0 @ModelAttribute, 0 @InitBinder, 1 RequestBodyAdvice, 1 ResponseBodyAdvice
2023-07-10 07:51:35,148 TRACE [main] org.springframework.web.servlet.handler.AbstractHandlerMethodMapping: 
	c.e.p.c.m.c.c.AutoController:
	{GET [/cars/{id}]}: getCarById(Long)
	{DELETE [/cars/{id}]}: deleteCarById(Long)
	{POST [/cars]}: createCar(Car)
	{PUT [/cars/{id}]}: updateCar(Car,Long)
	{GET [/cars]}: getCars()
2023-07-10 07:51:35,148 TRACE [main] org.springframework.web.servlet.handler.AbstractHandlerMethodMapping: 
	c.e.p.c.m.c.c.AutoController:
	{GET [/cars/{id}]}: getCarById(Long)
	{DELETE [/cars/{id}]}: deleteCarById(Long)
	{POST [/cars]}: createCar(Car)
	{PUT [/cars/{id}]}: updateCar(Car,Long)
	{GET [/cars]}: getCars()
2023-07-10 07:51:35,155 TRACE [main] org.springframework.web.servlet.handler.AbstractHandlerMethodMapping: 
	o.s.b.a.w.s.e.BasicErrorController:
	{ [/error]}: error(HttpServletRequest)
	{ [/error], produces [text/html]}: errorHtml(HttpServletRequest,HttpServletResponse)
2023-07-10 07:51:35,155 TRACE [main] org.springframework.web.servlet.handler.AbstractHandlerMethodMapping: 
	o.s.b.a.w.s.e.BasicErrorController:
	{ [/error]}: error(HttpServletRequest)
	{ [/error], produces [text/html]}: errorHtml(HttpServletRequest,HttpServletResponse)
2023-07-10 07:51:35,173 TRACE [main] org.springframework.web.servlet.handler.AbstractHandlerMethodMapping: 
	o.s.w.a.OpenApiWebMvcResource:
	{GET [/v3/api-docs], produces [application/json]}: openapiJson(HttpServletRequest,String,Locale)
	{GET [/v3/api-docs.yaml], produces [application/vnd.oai.openapi]}: openapiYaml(HttpServletRequest,String,Locale)
2023-07-10 07:51:35,173 TRACE [main] org.springframework.web.servlet.handler.AbstractHandlerMethodMapping: 
	o.s.w.a.OpenApiWebMvcResource:
	{GET [/v3/api-docs], produces [application/json]}: openapiJson(HttpServletRequest,String,Locale)
	{GET [/v3/api-docs.yaml], produces [application/vnd.oai.openapi]}: openapiYaml(HttpServletRequest,String,Locale)
2023-07-10 07:51:35,177 TRACE [main] org.springframework.web.servlet.handler.AbstractHandlerMethodMapping: 
	o.s.w.u.SwaggerWelcomeWebMvc:
	{GET [/swagger-ui.html]}: redirectToUi(HttpServletRequest)
2023-07-10 07:51:35,177 TRACE [main] org.springframework.web.servlet.handler.AbstractHandlerMethodMapping: 
	o.s.w.u.SwaggerWelcomeWebMvc:
	{GET [/swagger-ui.html]}: redirectToUi(HttpServletRequest)
2023-07-10 07:51:35,179 TRACE [main] org.springframework.web.servlet.handler.AbstractHandlerMethodMapping: 
	o.s.w.u.SwaggerConfigResource:
	{GET [/v3/api-docs/swagger-config], produces [application/json]}: openapiJson(HttpServletRequest)
2023-07-10 07:51:35,179 TRACE [main] org.springframework.web.servlet.handler.AbstractHandlerMethodMapping: 
	o.s.w.u.SwaggerConfigResource:
	{GET [/v3/api-docs/swagger-config], produces [application/json]}: openapiJson(HttpServletRequest)
2023-07-10 07:51:35,187 DEBUG [main] org.springframework.web.servlet.handler.AbstractHandlerMethodMapping: 11 mappings in 'requestMappingHandlerMapping'
2023-07-10 07:51:35,187 DEBUG [main] org.springframework.web.servlet.handler.AbstractHandlerMethodMapping: 11 mappings in 'requestMappingHandlerMapping'
2023-07-10 07:51:35,194 DEBUG [main] org.springframework.web.servlet.handler.AbstractDetectingUrlHandlerMapping: Detected 0 mappings in 'beanNameHandlerMapping'
2023-07-10 07:51:35,194 DEBUG [main] org.springframework.web.servlet.handler.AbstractDetectingUrlHandlerMapping: Detected 0 mappings in 'beanNameHandlerMapping'
2023-07-10 07:51:35,199 TRACE [main] org.springframework.web.servlet.function.support.RouterFunctionMapping: 0 RouterFunction(s) in 'routerFunctionMapping'
2023-07-10 07:51:35,199 TRACE [main] org.springframework.web.servlet.function.support.RouterFunctionMapping: 0 RouterFunction(s) in 'routerFunctionMapping'
2023-07-10 07:51:35,768 TRACE [main] org.springframework.web.servlet.handler.AbstractUrlHandlerMapping: Mapped [/webjars/**] onto ResourceHttpRequestHandler [classpath [META-INF/resources/webjars/]]
2023-07-10 07:51:35,768 TRACE [main] org.springframework.web.servlet.handler.AbstractUrlHandlerMapping: Mapped [/webjars/**] onto ResourceHttpRequestHandler [classpath [META-INF/resources/webjars/]]
2023-07-10 07:51:35,770 TRACE [main] org.springframework.web.servlet.handler.AbstractUrlHandlerMapping: Mapped [/**] onto ResourceHttpRequestHandler [classpath [META-INF/resources/], classpath [resources/], classpath [static/], classpath [public/], ServletContext [/]]
2023-07-10 07:51:35,770 TRACE [main] org.springframework.web.servlet.handler.AbstractUrlHandlerMapping: Mapped [/**] onto ResourceHttpRequestHandler [classpath [META-INF/resources/], classpath [resources/], classpath [static/], classpath [public/], ServletContext [/]]
2023-07-10 07:51:35,771 TRACE [main] org.springframework.web.servlet.handler.AbstractUrlHandlerMapping: Mapped [/swagger-ui*/*swagger-initializer.js] onto ResourceHttpRequestHandler [classpath [META-INF/resources/webjars/]]
2023-07-10 07:51:35,771 TRACE [main] org.springframework.web.servlet.handler.AbstractUrlHandlerMapping: Mapped [/swagger-ui*/*swagger-initializer.js] onto ResourceHttpRequestHandler [classpath [META-INF/resources/webjars/]]
2023-07-10 07:51:35,773 TRACE [main] org.springframework.web.servlet.handler.AbstractUrlHandlerMapping: Mapped [/swagger-ui*/**] onto ResourceHttpRequestHandler [classpath [META-INF/resources/webjars/]]
2023-07-10 07:51:35,773 TRACE [main] org.springframework.web.servlet.handler.AbstractUrlHandlerMapping: Mapped [/swagger-ui*/**] onto ResourceHttpRequestHandler [classpath [META-INF/resources/webjars/]]
2023-07-10 07:51:35,774 DEBUG [main] org.springframework.web.servlet.handler.SimpleUrlHandlerMapping: Patterns [/webjars/**, /**, /swagger-ui*/*swagger-initializer.js, /swagger-ui*/**] in 'resourceHandlerMapping'
2023-07-10 07:51:35,774 DEBUG [main] org.springframework.web.servlet.handler.SimpleUrlHandlerMapping: Patterns [/webjars/**, /**, /swagger-ui*/*swagger-initializer.js, /swagger-ui*/**] in 'resourceHandlerMapping'
2023-07-10 07:51:35,789 DEBUG [main] org.springframework.web.servlet.mvc.method.annotation.ExceptionHandlerExceptionResolver: ControllerAdvice beans: 1 @ExceptionHandler, 1 ResponseBodyAdvice
2023-07-10 07:51:35,789 DEBUG [main] org.springframework.web.servlet.mvc.method.annotation.ExceptionHandlerExceptionResolver: ControllerAdvice beans: 1 @ExceptionHandler, 1 ResponseBodyAdvice
2023-07-10 07:51:35,920 INFO [main] org.apache.juli.logging.DirectJDKLog: Starting ProtocolHandler ["http-nio-8080"]
2023-07-10 07:51:35,939 INFO [main] org.springframework.boot.web.embedded.tomcat.TomcatWebServer: Tomcat started on port(s): 8080 (http) with context path ''
2023-07-10 07:51:35,955 INFO [main] org.springframework.boot.StartupInfoLogger: Started AutoManagerApplication in 5.115 seconds (process running for 6.23)
