2023-07-11 06:45:10,571 INFO [main] org.springframework.boot.StartupInfoLogger: Starting AutoManagerApplication using Java 17.0.7 with PID 18770 (/home/art/IdeaProjects/AutoManager/target/classes started by art in /home/art/IdeaProjects/AutoManager)
2023-07-11 06:45:10,582 INFO [main] org.springframework.boot.SpringApplication: No active profile set, falling back to 1 default profile: "default"
2023-07-11 06:45:12,199 INFO [main] org.springframework.boot.web.embedded.tomcat.TomcatWebServer: Tomcat initialized with port(s): 8080 (http)
2023-07-11 06:45:12,210 INFO [main] org.apache.juli.logging.DirectJDKLog: Initializing ProtocolHandler ["http-nio-8080"]
2023-07-11 06:45:12,214 INFO [main] org.apache.juli.logging.DirectJDKLog: Starting service [Tomcat]
2023-07-11 06:45:12,215 INFO [main] org.apache.juli.logging.DirectJDKLog: Starting Servlet engine: [Apache Tomcat/10.1.10]
2023-07-11 06:45:12,382 INFO [main] org.apache.juli.logging.DirectJDKLog: Initializing Spring embedded WebApplicationContext
2023-07-11 06:45:12,383 INFO [main] org.springframework.boot.web.servlet.context.ServletWebServerApplicationContext: Root WebApplicationContext: initialization completed in 1639 ms
2023-07-11 06:45:14,321 INFO [main] org.apache.juli.logging.DirectJDKLog: Starting ProtocolHandler ["http-nio-8080"]
2023-07-11 06:45:14,345 INFO [main] org.springframework.boot.web.embedded.tomcat.TomcatWebServer: Tomcat started on port(s): 8080 (http) with context path ''
2023-07-11 06:45:14,365 INFO [main] org.springframework.boot.StartupInfoLogger: Started AutoManagerApplication in 4.583 seconds (process running for 5.683)
2023-07-11 06:45:23,125 INFO [http-nio-8080-exec-1] org.apache.juli.logging.DirectJDKLog: Initializing Spring DispatcherServlet 'dispatcherServlet'
2023-07-11 06:45:23,125 INFO [http-nio-8080-exec-1] org.springframework.web.servlet.FrameworkServlet: Initializing Servlet 'dispatcherServlet'
2023-07-11 06:45:23,125 INFO [http-nio-8080-exec-1] org.springframework.web.servlet.FrameworkServlet: Initializing Servlet 'dispatcherServlet'
2023-07-11 06:45:23,128 INFO [http-nio-8080-exec-1] org.springframework.web.servlet.FrameworkServlet: Completed initialization in 1 ms
2023-07-11 06:45:23,128 INFO [http-nio-8080-exec-1] org.springframework.web.servlet.FrameworkServlet: Completed initialization in 1 ms
2023-07-11 06:45:23,929 INFO [http-nio-8080-exec-9] org.springdoc.api.AbstractOpenApiResource: Init duration for springdoc-openapi is: 401 ms
2023-07-11 06:54:59,758 INFO [main] org.springframework.boot.StartupInfoLogger: Starting AutoManagerApplication using Java 17.0.7 with PID 19111 (/home/art/IdeaProjects/AutoManager/target/classes started by art in /home/art/IdeaProjects/AutoManager)
2023-07-11 06:54:59,763 INFO [main] org.springframework.boot.SpringApplication: No active profile set, falling back to 1 default profile: "default"
2023-07-11 06:55:01,222 INFO [main] org.springframework.boot.web.embedded.tomcat.TomcatWebServer: Tomcat initialized with port(s): 8080 (http)
2023-07-11 06:55:01,232 INFO [main] org.apache.juli.logging.DirectJDKLog: Initializing ProtocolHandler ["http-nio-8080"]
2023-07-11 06:55:01,236 INFO [main] org.apache.juli.logging.DirectJDKLog: Starting service [Tomcat]
2023-07-11 06:55:01,237 INFO [main] org.apache.juli.logging.DirectJDKLog: Starting Servlet engine: [Apache Tomcat/10.1.10]
2023-07-11 06:55:01,405 INFO [main] org.apache.juli.logging.DirectJDKLog: Initializing Spring embedded WebApplicationContext
2023-07-11 06:55:01,406 INFO [main] org.springframework.boot.web.servlet.context.ServletWebServerApplicationContext: Root WebApplicationContext: initialization completed in 1487 ms
2023-07-11 06:55:03,542 INFO [main] org.apache.juli.logging.DirectJDKLog: Starting ProtocolHandler ["http-nio-8080"]
2023-07-11 06:55:03,562 INFO [main] org.springframework.boot.web.embedded.tomcat.TomcatWebServer: Tomcat started on port(s): 8080 (http) with context path ''
2023-07-11 06:55:03,575 INFO [main] org.springframework.boot.StartupInfoLogger: Started AutoManagerApplication in 4.51 seconds (process running for 5.694)
2023-07-11 06:55:38,987 INFO [http-nio-8080-exec-2] org.apache.juli.logging.DirectJDKLog: Initializing Spring DispatcherServlet 'dispatcherServlet'
2023-07-11 06:55:38,988 INFO [http-nio-8080-exec-2] org.springframework.web.servlet.FrameworkServlet: Initializing Servlet 'dispatcherServlet'
2023-07-11 06:55:38,988 INFO [http-nio-8080-exec-2] org.springframework.web.servlet.FrameworkServlet: Initializing Servlet 'dispatcherServlet'
2023-07-11 06:55:38,991 INFO [http-nio-8080-exec-2] org.springframework.web.servlet.FrameworkServlet: Completed initialization in 1 ms
2023-07-11 06:55:38,991 INFO [http-nio-8080-exec-2] org.springframework.web.servlet.FrameworkServlet: Completed initialization in 1 ms
2023-07-11 06:55:39,032 INFO [http-nio-8080-exec-2] com.education.projects.cars.manager.carsmanager.controller.AutoController: Get all car info
2023-07-11 07:23:35,965 INFO [main] org.springframework.boot.StartupInfoLogger: Starting AutoManagerApplication using Java 17.0.7 with PID 20925 (/home/art/IdeaProjects/AutoManager/target/classes started by art in /home/art/IdeaProjects/AutoManager)
2023-07-11 07:23:35,971 INFO [main] org.springframework.boot.SpringApplication: No active profile set, falling back to 1 default profile: "default"
2023-07-11 07:23:38,068 INFO [main] org.springframework.boot.web.embedded.tomcat.TomcatWebServer: Tomcat initialized with port(s): 8080 (http)
2023-07-11 07:23:38,081 INFO [main] org.apache.juli.logging.DirectJDKLog: Initializing ProtocolHandler ["http-nio-8080"]
2023-07-11 07:23:38,086 INFO [main] org.apache.juli.logging.DirectJDKLog: Starting service [Tomcat]
2023-07-11 07:23:38,087 INFO [main] org.apache.juli.logging.DirectJDKLog: Starting Servlet engine: [Apache Tomcat/10.1.10]
2023-07-11 07:23:38,299 INFO [main] org.apache.juli.logging.DirectJDKLog: Initializing Spring embedded WebApplicationContext
2023-07-11 07:23:38,302 INFO [main] org.springframework.boot.web.servlet.context.ServletWebServerApplicationContext: Root WebApplicationContext: initialization completed in 2189 ms
2023-07-11 07:23:40,571 INFO [main] org.apache.juli.logging.DirectJDKLog: Starting ProtocolHandler ["http-nio-8080"]
2023-07-11 07:23:40,602 INFO [main] org.springframework.boot.web.embedded.tomcat.TomcatWebServer: Tomcat started on port(s): 8080 (http) with context path ''
2023-07-11 07:23:40,625 INFO [main] org.springframework.boot.StartupInfoLogger: Started AutoManagerApplication in 5.463 seconds (process running for 6.661)
2023-07-11 07:26:09,652 INFO [main] org.springframework.boot.StartupInfoLogger: Starting AutoManagerApplication using Java 17.0.7 with PID 21119 (/home/art/IdeaProjects/AutoManager/target/classes started by art in /home/art/IdeaProjects/AutoManager)
2023-07-11 07:26:09,658 INFO [main] org.springframework.boot.SpringApplication: No active profile set, falling back to 1 default profile: "default"
2023-07-11 07:26:11,538 INFO [main] org.springframework.boot.web.embedded.tomcat.TomcatWebServer: Tomcat initialized with port(s): 8080 (http)
2023-07-11 07:26:11,548 INFO [main] org.apache.juli.logging.DirectJDKLog: Initializing ProtocolHandler ["http-nio-8080"]
2023-07-11 07:26:11,553 INFO [main] org.apache.juli.logging.DirectJDKLog: Starting service [Tomcat]
2023-07-11 07:26:11,553 INFO [main] org.apache.juli.logging.DirectJDKLog: Starting Servlet engine: [Apache Tomcat/10.1.10]
2023-07-11 07:26:11,681 INFO [main] org.apache.juli.logging.DirectJDKLog: Initializing Spring embedded WebApplicationContext
2023-07-11 07:26:11,682 INFO [main] org.springframework.boot.web.servlet.context.ServletWebServerApplicationContext: Root WebApplicationContext: initialization completed in 1906 ms
2023-07-11 07:26:13,785 INFO [main] org.apache.juli.logging.DirectJDKLog: Starting ProtocolHandler ["http-nio-8080"]
2023-07-11 07:26:13,812 INFO [main] org.springframework.boot.web.embedded.tomcat.TomcatWebServer: Tomcat started on port(s): 8080 (http) with context path ''
2023-07-11 07:26:13,842 INFO [main] org.springframework.boot.StartupInfoLogger: Started AutoManagerApplication in 4.972 seconds (process running for 6.121)
2023-07-11 07:39:16,380 INFO [main] org.springframework.boot.StartupInfoLogger: Starting AutoManagerApplication using Java 17.0.7 with PID 23794 (/home/art/IdeaProjects/AutoManager/target/classes started by art in /home/art/IdeaProjects/AutoManager)
2023-07-11 07:39:16,386 INFO [main] org.springframework.boot.SpringApplication: No active profile set, falling back to 1 default profile: "default"
2023-07-11 07:39:18,710 INFO [main] org.springframework.boot.web.embedded.tomcat.TomcatWebServer: Tomcat initialized with port(s): 8080 (http)
2023-07-11 07:39:18,726 INFO [main] org.apache.juli.logging.DirectJDKLog: Initializing ProtocolHandler ["http-nio-8080"]
2023-07-11 07:39:18,732 INFO [main] org.apache.juli.logging.DirectJDKLog: Starting service [Tomcat]
2023-07-11 07:39:18,733 INFO [main] org.apache.juli.logging.DirectJDKLog: Starting Servlet engine: [Apache Tomcat/10.1.10]
2023-07-11 07:39:18,914 INFO [main] org.apache.juli.logging.DirectJDKLog: Initializing Spring embedded WebApplicationContext
2023-07-11 07:39:18,916 INFO [main] org.springframework.boot.web.servlet.context.ServletWebServerApplicationContext: Root WebApplicationContext: initialization completed in 2347 ms
2023-07-11 07:39:21,226 INFO [main] org.apache.juli.logging.DirectJDKLog: Starting ProtocolHandler ["http-nio-8080"]
2023-07-11 07:39:21,249 INFO [main] org.springframework.boot.web.embedded.tomcat.TomcatWebServer: Tomcat started on port(s): 8080 (http) with context path ''
2023-07-11 07:39:21,272 INFO [main] org.springframework.boot.StartupInfoLogger: Started AutoManagerApplication in 5.767 seconds (process running for 7.7)
2023-07-11 07:40:31,927 INFO [main] org.springframework.boot.StartupInfoLogger: Starting AutoManagerApplication using Java 17.0.7 with PID 24279 (/home/art/IdeaProjects/AutoManager/target/classes started by art in /home/art/IdeaProjects/AutoManager)
2023-07-11 07:40:31,935 INFO [main] org.springframework.boot.SpringApplication: No active profile set, falling back to 1 default profile: "default"
2023-07-11 07:40:33,704 INFO [main] org.springframework.boot.web.embedded.tomcat.TomcatWebServer: Tomcat initialized with port(s): 8080 (http)
2023-07-11 07:40:33,715 INFO [main] org.apache.juli.logging.DirectJDKLog: Initializing ProtocolHandler ["http-nio-8080"]
2023-07-11 07:40:33,719 INFO [main] org.apache.juli.logging.DirectJDKLog: Starting service [Tomcat]
2023-07-11 07:40:33,720 INFO [main] org.apache.juli.logging.DirectJDKLog: Starting Servlet engine: [Apache Tomcat/10.1.10]
2023-07-11 07:40:33,860 INFO [main] org.apache.juli.logging.DirectJDKLog: Initializing Spring embedded WebApplicationContext
2023-07-11 07:40:33,861 INFO [main] org.springframework.boot.web.servlet.context.ServletWebServerApplicationContext: Root WebApplicationContext: initialization completed in 1766 ms
2023-07-11 07:40:35,939 INFO [main] org.apache.juli.logging.DirectJDKLog: Starting ProtocolHandler ["http-nio-8080"]
2023-07-11 07:40:35,964 INFO [main] org.springframework.boot.web.embedded.tomcat.TomcatWebServer: Tomcat started on port(s): 8080 (http) with context path ''
2023-07-11 07:40:35,982 INFO [main] org.springframework.boot.StartupInfoLogger: Started AutoManagerApplication in 4.766 seconds (process running for 5.971)
2023-07-11 18:24:44,610 INFO [main] org.springframework.boot.StartupInfoLogger: Starting AutoManagerApplication using Java 17.0.7 with PID 27271 (/home/art/IdeaProjects/AutoManager/target/classes started by art in /home/art/IdeaProjects/AutoManager)
2023-07-11 18:24:44,616 INFO [main] org.springframework.boot.SpringApplication: No active profile set, falling back to 1 default profile: "default"
2023-07-11 18:24:46,384 INFO [main] org.springframework.boot.web.embedded.tomcat.TomcatWebServer: Tomcat initialized with port(s): 8080 (http)
2023-07-11 18:24:46,395 INFO [main] org.apache.juli.logging.DirectJDKLog: Initializing ProtocolHandler ["http-nio-8080"]
2023-07-11 18:24:46,400 INFO [main] org.apache.juli.logging.DirectJDKLog: Starting service [Tomcat]
2023-07-11 18:24:46,401 INFO [main] org.apache.juli.logging.DirectJDKLog: Starting Servlet engine: [Apache Tomcat/10.1.10]
2023-07-11 18:24:46,543 INFO [main] org.apache.juli.logging.DirectJDKLog: Initializing Spring embedded WebApplicationContext
2023-07-11 18:24:46,545 INFO [main] org.springframework.boot.web.servlet.context.ServletWebServerApplicationContext: Root WebApplicationContext: initialization completed in 1738 ms
2023-07-11 18:24:48,593 INFO [main] org.apache.juli.logging.DirectJDKLog: Starting ProtocolHandler ["http-nio-8080"]
2023-07-11 18:24:48,627 INFO [main] org.springframework.boot.web.embedded.tomcat.TomcatWebServer: Tomcat started on port(s): 8080 (http) with context path ''
2023-07-11 18:24:48,653 INFO [main] org.springframework.boot.StartupInfoLogger: Started AutoManagerApplication in 4.826 seconds (process running for 6.035)
2023-07-11 18:32:39,954 INFO [http-nio-8080-exec-1] org.apache.juli.logging.DirectJDKLog: Initializing Spring DispatcherServlet 'dispatcherServlet'
2023-07-11 18:32:39,956 INFO [http-nio-8080-exec-1] org.springframework.web.servlet.FrameworkServlet: Initializing Servlet 'dispatcherServlet'
2023-07-11 18:32:39,956 INFO [http-nio-8080-exec-1] org.springframework.web.servlet.FrameworkServlet: Initializing Servlet 'dispatcherServlet'
2023-07-11 18:32:39,959 INFO [http-nio-8080-exec-1] org.springframework.web.servlet.FrameworkServlet: Completed initialization in 2 ms
2023-07-11 18:32:39,959 INFO [http-nio-8080-exec-1] org.springframework.web.servlet.FrameworkServlet: Completed initialization in 2 ms
2023-07-11 18:32:41,188 INFO [http-nio-8080-exec-8] org.springdoc.api.AbstractOpenApiResource: Init duration for springdoc-openapi is: 831 ms
2023-07-11 18:53:03,006 INFO [main] org.springframework.boot.StartupInfoLogger: Starting AutoManagerApplication using Java 17.0.7 with PID 29741 (/home/art/IdeaProjects/AutoManager/target/classes started by art in /home/art/IdeaProjects/AutoManager)
2023-07-11 18:53:03,012 INFO [main] org.springframework.boot.SpringApplication: No active profile set, falling back to 1 default profile: "default"
2023-07-11 18:53:05,446 INFO [main] org.springframework.boot.web.embedded.tomcat.TomcatWebServer: Tomcat initialized with port(s): 8080 (http)
2023-07-11 18:53:05,456 INFO [main] org.apache.juli.logging.DirectJDKLog: Initializing ProtocolHandler ["http-nio-8080"]
2023-07-11 18:53:05,460 INFO [main] org.apache.juli.logging.DirectJDKLog: Starting service [Tomcat]
2023-07-11 18:53:05,461 INFO [main] org.apache.juli.logging.DirectJDKLog: Starting Servlet engine: [Apache Tomcat/10.1.10]
2023-07-11 18:53:05,686 INFO [main] org.apache.juli.logging.DirectJDKLog: Initializing Spring embedded WebApplicationContext
2023-07-11 18:53:05,688 INFO [main] org.springframework.boot.web.servlet.context.ServletWebServerApplicationContext: Root WebApplicationContext: initialization completed in 2490 ms
2023-07-11 18:53:08,285 INFO [main] org.apache.juli.logging.DirectJDKLog: Starting ProtocolHandler ["http-nio-8080"]
2023-07-11 18:53:08,315 INFO [main] org.springframework.boot.web.embedded.tomcat.TomcatWebServer: Tomcat started on port(s): 8080 (http) with context path ''
2023-07-11 18:53:08,356 INFO [main] org.springframework.boot.StartupInfoLogger: Started AutoManagerApplication in 6.293 seconds (process running for 7.54)
2023-07-11 18:56:50,175 INFO [http-nio-8080-exec-2] org.apache.juli.logging.DirectJDKLog: Initializing Spring DispatcherServlet 'dispatcherServlet'
2023-07-11 18:56:50,180 INFO [http-nio-8080-exec-2] org.springframework.web.servlet.FrameworkServlet: Initializing Servlet 'dispatcherServlet'
2023-07-11 18:56:50,180 INFO [http-nio-8080-exec-2] org.springframework.web.servlet.FrameworkServlet: Initializing Servlet 'dispatcherServlet'
2023-07-11 18:56:50,190 INFO [http-nio-8080-exec-2] org.springframework.web.servlet.FrameworkServlet: Completed initialization in 7 ms
2023-07-11 18:56:50,190 INFO [http-nio-8080-exec-2] org.springframework.web.servlet.FrameworkServlet: Completed initialization in 7 ms
2023-07-11 18:56:50,389 INFO [http-nio-8080-exec-2] com.education.projects.cars.manager.carsmanager.controller.AutoController: Update car with id =28, update car info com.education.projects.cars.manager.carsmanager.model.Car@5f9cb51c
2023-07-11 19:00:34,046 INFO [http-nio-8080-exec-5] com.education.projects.cars.manager.carsmanager.controller.AutoController: Update car with id =27, update car info com.education.projects.cars.manager.carsmanager.model.Car@1b8526ae
2023-07-11 19:05:49,918 INFO [main] org.springframework.boot.StartupInfoLogger: Starting AutoManagerApplication using Java 17.0.7 with PID 30281 (/home/art/IdeaProjects/AutoManager/target/classes started by art in /home/art/IdeaProjects/AutoManager)
2023-07-11 19:05:49,922 INFO [main] org.springframework.boot.SpringApplication: No active profile set, falling back to 1 default profile: "default"
2023-07-11 19:05:52,001 INFO [main] org.springframework.boot.web.embedded.tomcat.TomcatWebServer: Tomcat initialized with port(s): 8080 (http)
2023-07-11 19:05:52,013 INFO [main] org.apache.juli.logging.DirectJDKLog: Initializing ProtocolHandler ["http-nio-8080"]
2023-07-11 19:05:52,018 INFO [main] org.apache.juli.logging.DirectJDKLog: Starting service [Tomcat]
2023-07-11 19:05:52,019 INFO [main] org.apache.juli.logging.DirectJDKLog: Starting Servlet engine: [Apache Tomcat/10.1.10]
2023-07-11 19:05:52,198 INFO [main] org.apache.juli.logging.DirectJDKLog: Initializing Spring embedded WebApplicationContext
2023-07-11 19:05:52,199 INFO [main] org.springframework.boot.web.servlet.context.ServletWebServerApplicationContext: Root WebApplicationContext: initialization completed in 2149 ms
2023-07-11 19:05:54,655 INFO [main] org.apache.juli.logging.DirectJDKLog: Starting ProtocolHandler ["http-nio-8080"]
2023-07-11 19:05:54,689 INFO [main] org.springframework.boot.web.embedded.tomcat.TomcatWebServer: Tomcat started on port(s): 8080 (http) with context path ''
2023-07-11 19:05:54,708 INFO [main] org.springframework.boot.StartupInfoLogger: Started AutoManagerApplication in 5.522 seconds (process running for 6.698)
2023-07-11 19:06:00,107 INFO [http-nio-8080-exec-2] org.apache.juli.logging.DirectJDKLog: Initializing Spring DispatcherServlet 'dispatcherServlet'
2023-07-11 19:06:00,108 INFO [http-nio-8080-exec-2] org.springframework.web.servlet.FrameworkServlet: Initializing Servlet 'dispatcherServlet'
2023-07-11 19:06:00,108 INFO [http-nio-8080-exec-2] org.springframework.web.servlet.FrameworkServlet: Initializing Servlet 'dispatcherServlet'
2023-07-11 19:06:00,111 INFO [http-nio-8080-exec-2] org.springframework.web.servlet.FrameworkServlet: Completed initialization in 2 ms
2023-07-11 19:06:00,111 INFO [http-nio-8080-exec-2] org.springframework.web.servlet.FrameworkServlet: Completed initialization in 2 ms
2023-07-11 19:06:00,295 INFO [http-nio-8080-exec-2] com.education.projects.cars.manager.carsmanager.controller.AutoController: Update car with id =27, update car info com.education.projects.cars.manager.carsmanager.model.Car@68f04ef0
2023-07-11 19:11:02,613 INFO [main] org.springframework.boot.StartupInfoLogger: Starting AutoManagerApplication using Java 17.0.7 with PID 30758 (/home/art/IdeaProjects/AutoManager/target/classes started by art in /home/art/IdeaProjects/AutoManager)
2023-07-11 19:11:02,618 INFO [main] org.springframework.boot.SpringApplication: No active profile set, falling back to 1 default profile: "default"
2023-07-11 19:11:04,532 INFO [main] org.springframework.boot.web.embedded.tomcat.TomcatWebServer: Tomcat initialized with port(s): 8080 (http)
2023-07-11 19:11:04,542 INFO [main] org.apache.juli.logging.DirectJDKLog: Initializing ProtocolHandler ["http-nio-8080"]
2023-07-11 19:11:04,546 INFO [main] org.apache.juli.logging.DirectJDKLog: Starting service [Tomcat]
2023-07-11 19:11:04,547 INFO [main] org.apache.juli.logging.DirectJDKLog: Starting Servlet engine: [Apache Tomcat/10.1.10]
2023-07-11 19:11:04,698 INFO [main] org.apache.juli.logging.DirectJDKLog: Initializing Spring embedded WebApplicationContext
2023-07-11 19:11:04,699 INFO [main] org.springframework.boot.web.servlet.context.ServletWebServerApplicationContext: Root WebApplicationContext: initialization completed in 1912 ms
2023-07-11 19:11:06,910 INFO [main] org.apache.juli.logging.DirectJDKLog: Starting ProtocolHandler ["http-nio-8080"]
2023-07-11 19:11:06,936 INFO [main] org.springframework.boot.web.embedded.tomcat.TomcatWebServer: Tomcat started on port(s): 8080 (http) with context path ''
2023-07-11 19:11:06,966 INFO [main] org.springframework.boot.StartupInfoLogger: Started AutoManagerApplication in 5.13 seconds (process running for 6.113)
2023-07-11 19:11:15,461 INFO [http-nio-8080-exec-2] org.apache.juli.logging.DirectJDKLog: Initializing Spring DispatcherServlet 'dispatcherServlet'
2023-07-11 19:11:15,463 INFO [http-nio-8080-exec-2] org.springframework.web.servlet.FrameworkServlet: Initializing Servlet 'dispatcherServlet'
2023-07-11 19:11:15,463 INFO [http-nio-8080-exec-2] org.springframework.web.servlet.FrameworkServlet: Initializing Servlet 'dispatcherServlet'
2023-07-11 19:11:15,466 INFO [http-nio-8080-exec-2] org.springframework.web.servlet.FrameworkServlet: Completed initialization in 2 ms
2023-07-11 19:11:15,466 INFO [http-nio-8080-exec-2] org.springframework.web.servlet.FrameworkServlet: Completed initialization in 2 ms
2023-07-11 19:11:15,601 INFO [http-nio-8080-exec-2] com.education.projects.cars.manager.carsmanager.controller.AutoController: Update car with id =27, update car info com.education.projects.cars.manager.carsmanager.model.Car@7ffe55db
2023-07-11 19:15:00,051 INFO [main] org.springframework.boot.StartupInfoLogger: Starting AutoManagerApplication using Java 17.0.7 with PID 30983 (/home/art/IdeaProjects/AutoManager/target/classes started by art in /home/art/IdeaProjects/AutoManager)
2023-07-11 19:15:00,059 INFO [main] org.springframework.boot.SpringApplication: No active profile set, falling back to 1 default profile: "default"
2023-07-11 19:15:02,051 INFO [main] org.springframework.boot.web.embedded.tomcat.TomcatWebServer: Tomcat initialized with port(s): 8080 (http)
2023-07-11 19:15:02,061 INFO [main] org.apache.juli.logging.DirectJDKLog: Initializing ProtocolHandler ["http-nio-8080"]
2023-07-11 19:15:02,065 INFO [main] org.apache.juli.logging.DirectJDKLog: Starting service [Tomcat]
2023-07-11 19:15:02,066 INFO [main] org.apache.juli.logging.DirectJDKLog: Starting Servlet engine: [Apache Tomcat/10.1.10]
2023-07-11 19:15:02,201 INFO [main] org.apache.juli.logging.DirectJDKLog: Initializing Spring embedded WebApplicationContext
2023-07-11 19:15:02,202 INFO [main] org.springframework.boot.web.servlet.context.ServletWebServerApplicationContext: Root WebApplicationContext: initialization completed in 2010 ms
2023-07-11 19:15:04,422 INFO [main] org.apache.juli.logging.DirectJDKLog: Starting ProtocolHandler ["http-nio-8080"]
2023-07-11 19:15:04,455 INFO [main] org.springframework.boot.web.embedded.tomcat.TomcatWebServer: Tomcat started on port(s): 8080 (http) with context path ''
2023-07-11 19:15:04,477 INFO [main] org.springframework.boot.StartupInfoLogger: Started AutoManagerApplication in 5.228 seconds (process running for 6.379)
2023-07-11 19:18:22,550 INFO [main] org.springframework.boot.StartupInfoLogger: Starting AutoManagerApplication using Java 17.0.7 with PID 31203 (/home/art/IdeaProjects/AutoManager/target/classes started by art in /home/art/IdeaProjects/AutoManager)
2023-07-11 19:18:22,556 INFO [main] org.springframework.boot.SpringApplication: No active profile set, falling back to 1 default profile: "default"
2023-07-11 19:18:24,741 INFO [main] org.springframework.boot.web.embedded.tomcat.TomcatWebServer: Tomcat initialized with port(s): 8080 (http)
2023-07-11 19:18:24,754 INFO [main] org.apache.juli.logging.DirectJDKLog: Initializing ProtocolHandler ["http-nio-8080"]
2023-07-11 19:18:24,759 INFO [main] org.apache.juli.logging.DirectJDKLog: Starting service [Tomcat]
2023-07-11 19:18:24,761 INFO [main] org.apache.juli.logging.DirectJDKLog: Starting Servlet engine: [Apache Tomcat/10.1.10]
2023-07-11 19:18:24,938 INFO [main] org.apache.juli.logging.DirectJDKLog: Initializing Spring embedded WebApplicationContext
2023-07-11 19:18:24,940 INFO [main] org.springframework.boot.web.servlet.context.ServletWebServerApplicationContext: Root WebApplicationContext: initialization completed in 2177 ms
2023-07-11 19:18:28,512 INFO [main] org.apache.juli.logging.DirectJDKLog: Starting ProtocolHandler ["http-nio-8080"]
2023-07-11 19:18:28,569 INFO [main] org.springframework.boot.web.embedded.tomcat.TomcatWebServer: Tomcat started on port(s): 8080 (http) with context path ''
2023-07-11 19:18:28,598 INFO [main] org.springframework.boot.StartupInfoLogger: Started AutoManagerApplication in 6.767 seconds (process running for 9.328)
2023-07-11 19:22:23,722 INFO [http-nio-8080-exec-1] org.apache.juli.logging.DirectJDKLog: Initializing Spring DispatcherServlet 'dispatcherServlet'
2023-07-11 19:22:23,723 INFO [http-nio-8080-exec-1] org.springframework.web.servlet.FrameworkServlet: Initializing Servlet 'dispatcherServlet'
2023-07-11 19:22:23,723 INFO [http-nio-8080-exec-1] org.springframework.web.servlet.FrameworkServlet: Initializing Servlet 'dispatcherServlet'
2023-07-11 19:22:23,725 INFO [http-nio-8080-exec-1] org.springframework.web.servlet.FrameworkServlet: Completed initialization in 1 ms
2023-07-11 19:22:23,725 INFO [http-nio-8080-exec-1] org.springframework.web.servlet.FrameworkServlet: Completed initialization in 1 ms
2023-07-11 19:22:24,045 INFO [http-nio-8080-exec-1] com.education.projects.cars.manager.carsmanager.controller.AutoController: Update car with id =27, update car info com.education.projects.cars.manager.carsmanager.model.Car@6b093fd2
2023-07-11 19:38:27,881 INFO [main] org.springframework.boot.StartupInfoLogger: Starting AutoManagerApplication using Java 17.0.7 with PID 31532 (/home/art/IdeaProjects/AutoManager/target/classes started by art in /home/art/IdeaProjects/AutoManager)
2023-07-11 19:38:27,900 INFO [main] org.springframework.boot.SpringApplication: No active profile set, falling back to 1 default profile: "default"
2023-07-11 19:38:29,836 INFO [main] org.springframework.boot.web.embedded.tomcat.TomcatWebServer: Tomcat initialized with port(s): 8080 (http)
2023-07-11 19:38:29,849 INFO [main] org.apache.juli.logging.DirectJDKLog: Initializing ProtocolHandler ["http-nio-8080"]
2023-07-11 19:38:29,854 INFO [main] org.apache.juli.logging.DirectJDKLog: Starting service [Tomcat]
2023-07-11 19:38:29,855 INFO [main] org.apache.juli.logging.DirectJDKLog: Starting Servlet engine: [Apache Tomcat/10.1.10]
2023-07-11 19:38:30,021 INFO [main] org.apache.juli.logging.DirectJDKLog: Initializing Spring embedded WebApplicationContext
2023-07-11 19:38:30,022 INFO [main] org.springframework.boot.web.servlet.context.ServletWebServerApplicationContext: Root WebApplicationContext: initialization completed in 1957 ms
2023-07-11 19:38:32,425 INFO [main] org.apache.juli.logging.DirectJDKLog: Starting ProtocolHandler ["http-nio-8080"]
2023-07-11 19:38:32,454 INFO [main] org.springframework.boot.web.embedded.tomcat.TomcatWebServer: Tomcat started on port(s): 8080 (http) with context path ''
2023-07-11 19:38:32,484 INFO [main] org.springframework.boot.StartupInfoLogger: Started AutoManagerApplication in 5.433 seconds (process running for 6.431)
2023-07-11 19:38:39,242 INFO [http-nio-8080-exec-2] org.apache.juli.logging.DirectJDKLog: Initializing Spring DispatcherServlet 'dispatcherServlet'
2023-07-11 19:38:39,243 INFO [http-nio-8080-exec-2] org.springframework.web.servlet.FrameworkServlet: Initializing Servlet 'dispatcherServlet'
2023-07-11 19:38:39,243 INFO [http-nio-8080-exec-2] org.springframework.web.servlet.FrameworkServlet: Initializing Servlet 'dispatcherServlet'
2023-07-11 19:38:39,244 INFO [http-nio-8080-exec-2] org.springframework.web.servlet.FrameworkServlet: Completed initialization in 1 ms
2023-07-11 19:38:39,244 INFO [http-nio-8080-exec-2] org.springframework.web.servlet.FrameworkServlet: Completed initialization in 1 ms
2023-07-11 19:38:39,372 INFO [http-nio-8080-exec-2] com.education.projects.cars.manager.carsmanager.controller.AutoController: Update car with id =27, update car info com.education.projects.cars.manager.carsmanager.model.Car@48f5606b
2023-07-11 19:38:39,396 ERROR [http-nio-8080-exec-2] com.education.projects.cars.manager.carsmanager.controller.AutoController: Error: ResultSet not positioned properly, perhaps you need to call next.
